<?xml version="1.0" encoding="UTF-8"?>
<!-- Generated by org.testng.reporters.JUnitXMLReporter -->
<testsuite ignored="0" hostname="LAPTOP-34I0LF0M" failures="0" tests="3" name="Default test" time="21.932" errors="0" timestamp="2026-04-06T02:11:07 IST">
  <testcase classname="Practise.PageObjectModel.LoginTest" name="fillForm" time="1.915"/>
  <testcase classname="Practise.PageObjectModel.LoginTest" name="fillForm" time="1.587"/>
  <testcase classname="Practise.PageObjectModel.LoginTest" name="fillForm" time="2.251"/>
</testsuite> <!-- Default test -->
