<?xml version="1.0" encoding="UTF-8"?>
<!-- Generated by org.testng.reporters.JUnitReportReporter -->
<testsuite hostname="LAPTOP-34I0LF0M" failures="0" tests="3" name="Practise.PageObjectModel.LoginTest" time="21.841" errors="0" timestamp="2026-04-06T02:11:07 IST" skipped="0">
  <testcase classname="Practise.PageObjectModel.LoginTest" name="fillForm" time="5.631"/>
  <system-out/>
  <testcase classname="Practise.PageObjectModel.LoginTest" name="fillForm" time="10.040"/>
  <system-out/>
  <testcase classname="Practise.PageObjectModel.LoginTest" name="fillForm" time="6.170"/>
  <system-out/>
</testsuite> <!-- Practise.PageObjectModel.LoginTest -->
