<?xml version="1.0" encoding="UTF-8"?>
<!-- Generated by org.testng.reporters.JUnitXMLReporter -->
<testsuite ignored="0" hostname="LAPTOP-34I0LF0M" failures="0" tests="3" name="ChromeTest" time="30.242" errors="0" timestamp="2026-04-05T16:48:39 IST">
  <testcase classname="Practise.PageObjectModel.LoginTest" name="fillForm" time="1.769"/>
  <testcase classname="Practise.PageObjectModel.LoginTest" name="fillForm" time="1.938"/>
  <testcase classname="Practise.PageObjectModel.LoginTest" name="fillForm" time="1.712"/>
</testsuite> <!-- ChromeTest -->
